<?xml version="1.0" encoding="UTF-8"?>
<testng-results total="3" passed="3" failed="0" skipped="0">
  <reporter-output>
  </reporter-output>
  <suite started-at="2024-08-22T20:48:36Z" name="Test Suite for Buildout" finished-at="2024-08-22T20:50:55Z" duration-ms="138861">
    <groups>
    </groups>
    <test started-at="2024-08-22T20:48:36Z" name="Test Cases for Buildout" finished-at="2024-08-22T20:50:55Z" duration-ms="138861">
      <class name="demo.TestCases">
        <test-method is-config="true" signature="startBrowser()[pri:0, instance:demo.TestCases@2766ca9d]" started-at="2024-08-23T02:18:36Z" name="startBrowser" finished-at="2024-08-23T02:18:38Z" duration-ms="1969" status="PASS">
          <reporter-output>
          </reporter-output>
        </test-method> <!-- startBrowser -->
        <test-method signature="testCase01()[pri:0, instance:demo.TestCases@2766ca9d]" started-at="2024-08-23T02:18:38Z" name="testCase01" description="Verify the functionality of testCase01" finished-at="2024-08-23T02:20:04Z" duration-ms="86398" status="PASS">
          <reporter-output>
          </reporter-output>
        </test-method> <!-- testCase01 -->
        <test-method signature="testCase02()[pri:0, instance:demo.TestCases@2766ca9d]" started-at="2024-08-23T02:20:04Z" name="testCase02" description="Verify the functionality of testCase02" finished-at="2024-08-23T02:20:24Z" duration-ms="19952" status="PASS">
          <reporter-output>
          </reporter-output>
        </test-method> <!-- testCase02 -->
        <test-method signature="testCase03()[pri:0, instance:demo.TestCases@2766ca9d]" started-at="2024-08-23T02:20:24Z" name="testCase03" description="Verify the functionality of testcase03" finished-at="2024-08-23T02:20:54Z" duration-ms="30211" status="PASS">
          <reporter-output>
          </reporter-output>
        </test-method> <!-- testCase03 -->
        <test-method is-config="true" signature="endTest()[pri:0, instance:demo.TestCases@2766ca9d]" started-at="2024-08-23T02:20:54Z" name="endTest" finished-at="2024-08-23T02:20:55Z" duration-ms="319" status="PASS">
          <reporter-output>
          </reporter-output>
        </test-method> <!-- endTest -->
      </class> <!-- demo.TestCases -->
    </test> <!-- Test Cases for Buildout -->
  </suite> <!-- Test Suite for Buildout -->
</testng-results>
